<?xml version="1.0" encoding="UTF-8"?>
<!-- Generated by org.testng.reporters.JUnitReportReporter -->
<testsuite hostname="DESKTOP-54KFCAF" failures="0" tests="2" name="demo.sample001" time="0.019" errors="0" timestamp="2023-08-26T07:04:01 PDT" skipped="0">
  <testcase classname="demo.sample001" name="TC1" time="0.016">
    <system-out>
      <![CDATA[sdfasdfsd]]>
    </system-out>
  </testcase> <!-- TC1 -->
  <testcase classname="demo.sample001" name="TC2" time="0.003">
    <system-out>
      <![CDATA[test is executed]]>
    </system-out>
  </testcase> <!-- TC2 -->
  <system-out>
    <![CDATA[sdfasdfsd
test is executed
sdfassd
test executed]]>
  </system-out>
</testsuite> <!-- demo.sample001 -->
