<?xml version="1.0" encoding="UTF-8"?>
<!-- Generated by org.testng.reporters.JUnitReportReporter -->
<testsuite hostname="DESKTOP-54KFCAF" failures="0" tests="2" name="demo.sample002" time="0.003" errors="0" timestamp="2023-08-26T08:13:38 PDT" skipped="0">
  <testcase classname="demo.sample002" name="TC4" time="0.002">
    <system-out>
      <![CDATA[test executed]]>
    </system-out>
  </testcase> <!-- TC4 -->
  <testcase classname="demo.sample002" name="TC3" time="0.001">
    <system-out>
      <![CDATA[sdfassd]]>
    </system-out>
  </testcase> <!-- TC3 -->
  <system-out>
    <![CDATA[sdfasdfsd
test is executed
sdfassd
test executed]]>
  </system-out>
</testsuite> <!-- demo.sample002 -->
